<?xml version="1.0" encoding="UTF-8"?>
<!-- Generated by org.testng.reporters.JUnitXMLReporter -->
<testsuite hostname="SVINDK00026" ignored="0" name="Default test" tests="4" failures="0" timestamp="10 Dec 2019 10:13:02 GMT" time="4.763" errors="0">
  <testcase name="deleteRequestDemo" time="2.259" classname="com.demo.ApiTestScripts.ApiRequestDemo"/>
  <testcase name="getRequestDemo" time="0.376" classname="com.demo.ApiTestScripts.ApiRequestDemo"/>
  <testcase name="postRequestDemo" time="0.668" classname="com.demo.ApiTestScripts.ApiRequestDemo"/>
  <testcase name="putRequestDemo" time="0.712" classname="com.demo.ApiTestScripts.ApiRequestDemo"/>
</testsuite> <!-- Default test -->
