# JRE version: Java(TM) SE Runtime Environment (8.0_201-b09) (build 1.8.0_201-b09)
# Java VM: Java HotSpot(TM) 64-Bit Server VM (25.201-b09 mixed mode windows-amd64 compressed oops)
Heap:
 PSYoungGen      total 76288K, used 40928K [0x000000076b400000, 0x0000000773100000, 0x00000007c0000000)
  eden space 65536K, 50% used [0x000000076b400000,0x000000076d436310,0x000000076f400000)
  from space 10752K, 73% used [0x000000076fe80000,0x0000000770641d78,0x0000000770900000)
  to   space 10752K, 0% used [0x000000076f400000,0x000000076f400000,0x000000076fe80000)
 ParOldGen       total 102400K, used 11409K [0x00000006c1c00000, 0x00000006c8000000, 0x000000076b400000)
  object space 102400K, 11% used [0x00000006c1c00000,0x00000006c2724798,0x00000006c8000000)
 Metaspace       used 27729K, capacity 28712K, committed 29056K, reserved 1075200K
  class space    used 3425K, capacity 3868K, committed 3968K, reserved 1048576K
GC Heap History (10 events):
Event: 1.049 GC heap before
{Heap before GC invocations=1 (full 0):
 PSYoungGen      total 76288K, used 64691K [0x000000076b400000, 0x0000000770900000, 0x00000007c0000000)
  eden space 65536K, 98% used [0x000000076b400000,0x000000076f32ce58,0x000000076f400000)
  from space 10752K, 0% used [0x000000076fe80000,0x000000076fe80000,0x0000000770900000)
  to   space 10752K, 0% used [0x000000076f400000,0x000000076f400000,0x000000076fe80000)
 ParOldGen       total 175104K, used 0K [0x00000006c1c00000, 0x00000006cc700000, 0x000000076b400000)
  object space 175104K, 0% used [0x00000006c1c00000,0x00000006c1c00000,0x00000006cc700000)
 Metaspace       used 12536K, capacity 12636K, committed 12800K, reserved 1060864K
  class space    used 1428K, capacity 1462K, committed 1536K, reserved 1048576K
Event: 1.054 GC heap after
Heap after GC invocations=1 (full 0):
 PSYoungGen      total 76288K, used 9104K [0x000000076b400000, 0x0000000770900000, 0x00000007c0000000)
  eden space 65536K, 0% used [0x000000076b400000,0x000000076b400000,0x000000076f400000)
  from space 10752K, 84% used [0x000000076f400000,0x000000076fce4368,0x000000076fe80000)
  to   space 10752K, 0% used [0x000000076fe80000,0x000000076fe80000,0x0000000770900000)
 ParOldGen       total 175104K, used 80K [0x00000006c1c00000, 0x00000006cc700000, 0x000000076b400000)
  object space 175104K, 0% used [0x00000006c1c00000,0x00000006c1c14010,0x00000006cc700000)
 Metaspace       used 12536K, capacity 12636K, committed 12800K, reserved 1060864K
  class space    used 1428K, capacity 1462K, committed 1536K, reserved 1048576K
}
Event: 1.587 GC heap before
{Heap before GC invocations=2 (full 0):
 PSYoungGen      total 76288K, used 74640K [0x000000076b400000, 0x0000000770900000, 0x00000007c0000000)
  eden space 65536K, 100% used [0x000000076b400000,0x000000076f400000,0x000000076f400000)
  from space 10752K, 84% used [0x000000076f400000,0x000000076fce4368,0x000000076fe80000)
  to   space 10752K, 0% used [0x000000076fe80000,0x000000076fe80000,0x0000000770900000)
 ParOldGen       total 175104K, used 80K [0x00000006c1c00000, 0x00000006cc700000, 0x000000076b400000)
  object space 175104K, 0% used [0x00000006c1c00000,0x00000006c1c14010,0x00000006cc700000)
 Metaspace       used 18598K, capacity 18748K, committed 18816K, reserved 1067008K
  class space    used 2104K, capacity 2157K, committed 2176K, reserved 1048576K
Event: 1.595 GC heap after
Heap after GC invocations=2 (full 0):
 PSYoungGen      total 76288K, used 10721K [0x000000076b400000, 0x0000000770900000, 0x00000007c0000000)
  eden space 65536K, 0% used [0x000000076b400000,0x000000076b400000,0x000000076f400000)
  from space 10752K, 99% used [0x000000076fe80000,0x00000007708f86b0,0x0000000770900000)
  to   space 10752K, 0% used [0x000000076f400000,0x000000076f400000,0x000000076fe80000)
 ParOldGen       total 175104K, used 1232K [0x00000006c1c00000, 0x00000006cc700000, 0x000000076b400000)
  object space 175104K, 0% used [0x00000006c1c00000,0x00000006c1d341c8,0x00000006cc700000)
 Metaspace       used 18598K, capacity 18748K, committed 18816K, reserved 1067008K
  class space    used 2104K, capacity 2157K, committed 2176K, reserved 1048576K
}
Event: 13.546 GC heap before
{Heap before GC invocations=3 (full 0):
 PSYoungGen      total 76288K, used 45340K [0x000000076b400000, 0x0000000770900000, 0x00000007c0000000)
  eden space 65536K, 52% used [0x000000076b400000,0x000000076d5ce9a8,0x000000076f400000)
  from space 10752K, 99% used [0x000000076fe80000,0x00000007708f86b0,0x0000000770900000)
  to   space 10752K, 0% used [0x000000076f400000,0x000000076f400000,0x000000076fe80000)
 ParOldGen       total 175104K, used 1232K [0x00000006c1c00000, 0x00000006cc700000, 0x000000076b400000)
  object space 175104K, 0% used [0x00000006c1c00000,0x00000006c1d341c8,0x00000006cc700000)
 Metaspace       used 20849K, capacity 21120K, committed 21296K, reserved 1069056K
  class space    used 2465K, capacity 2589K, committed 2688K, reserved 1048576K
Event: 13.559 GC heap after
Heap after GC invocations=3 (full 0):
 PSYoungGen      total 76288K, used 10740K [0x000000076b400000, 0x0000000770900000, 0x00000007c0000000)
  eden space 65536K, 0% used [0x000000076b400000,0x000000076b400000,0x000000076f400000)
  from space 10752K, 99% used [0x000000076f400000,0x000000076fe7d258,0x000000076fe80000)
  to   space 10752K, 0% used [0x000000076fe80000,0x000000076fe80000,0x0000000770900000)
 ParOldGen       total 175104K, used 1875K [0x00000006c1c00000, 0x00000006cc700000, 0x000000076b400000)
  object space 175104K, 1% used [0x00000006c1c00000,0x00000006c1dd4ed8,0x00000006cc700000)
 Metaspace       used 20849K, capacity 21120K, committed 21296K, reserved 1069056K
  class space    used 2465K, capacity 2589K, committed 2688K, reserved 1048576K
}
Event: 13.559 GC heap before
{Heap before GC invocations=4 (full 1):
 PSYoungGen      total 76288K, used 10740K [0x000000076b400000, 0x0000000770900000, 0x00000007c0000000)
  eden space 65536K, 0% used [0x000000076b400000,0x000000076b400000,0x000000076f400000)
  from space 10752K, 99% used [0x000000076f400000,0x000000076fe7d258,0x000000076fe80000)
  to   space 10752K, 0% used [0x000000076fe80000,0x000000076fe80000,0x0000000770900000)
 ParOldGen       total 175104K, used 1875K [0x00000006c1c00000, 0x00000006cc700000, 0x000000076b400000)
  object space 175104K, 1% used [0x00000006c1c00000,0x00000006c1dd4ed8,0x00000006cc700000)
 Metaspace       used 20849K, capacity 21120K, committed 21296K, reserved 1069056K
  class space    used 2465K, capacity 2589K, committed 2688K, reserved 1048576K
Event: 13.611 GC heap after
Heap after GC invocations=4 (full 1):
 PSYoungGen      total 76288K, used 0K [0x000000076b400000, 0x0000000770900000, 0x00000007c0000000)
  eden space 65536K, 0% used [0x000000076b400000,0x000000076b400000,0x000000076f400000)
  from space 10752K, 0% used [0x000000076f400000,0x000000076f400000,0x000000076fe80000)
  to   space 10752K, 0% used [0x000000076fe80000,0x000000076fe80000,0x0000000770900000)
 ParOldGen       total 102400K, used 11401K [0x00000006c1c00000, 0x00000006c8000000, 0x000000076b400000)
  object space 102400K, 11% used [0x00000006c1c00000,0x00000006c2722798,0x00000006c8000000)
 Metaspace       used 20849K, capacity 21120K, committed 21296K, reserved 1069056K
  class space    used 2465K, capacity 2589K, committed 2688K, reserved 1048576K
}
Event: 14.916 GC heap before
{Heap before GC invocations=5 (full 1):
 PSYoungGen      total 76288K, used 65536K [0x000000076b400000, 0x0000000770900000, 0x00000007c0000000)
  eden space 65536K, 100% used [0x000000076b400000,0x000000076f400000,0x000000076f400000)
  from space 10752K, 0% used [0x000000076f400000,0x000000076f400000,0x000000076fe80000)
  to   space 10752K, 0% used [0x000000076fe80000,0x000000076fe80000,0x0000000770900000)
 ParOldGen       total 102400K, used 11401K [0x00000006c1c00000, 0x00000006c8000000, 0x000000076b400000)
  object space 102400K, 11% used [0x00000006c1c00000,0x00000006c2722798,0x00000006c8000000)
 Metaspace       used 26779K, capacity 27536K, committed 27776K, reserved 1073152K
  class space    used 3290K, capacity 3608K, committed 3712K, reserved 1048576K
Event: 14.923 GC heap after
Heap after GC invocations=5 (full 1):
 PSYoungGen      total 76288K, used 7943K [0x000000076b400000, 0x0000000773100000, 0x00000007c0000000)
  eden space 65536K, 0% used [0x000000076b400000,0x000000076b400000,0x000000076f400000)
  from space 10752K, 73% used [0x000000076fe80000,0x0000000770641d78,0x0000000770900000)
  to   space 10752K, 0% used [0x000000076f400000,0x000000076f400000,0x000000076fe80000)
 ParOldGen       total 102400K, used 11409K [0x00000006c1c00000, 0x00000006c8000000, 0x000000076b400000)
  object space 102400K, 11% used [0x00000006c1c00000,0x00000006c2724798,0x00000006c8000000)
 Metaspace       used 26779K, capacity 27536K, committed 27776K, reserved 1073152K
  class space    used 3290K, capacity 3608K, committed 3712K, reserved 1048576K
}

